This is pdfTeX, Version 3.1415926-2.5-1.40.14 (TeX Live 2013) (format=pdflatex 2013.6.20)  21 OCT 2013 15:20
entering extended mode
 restricted \write18 enabled.
 %&-line parsing enabled.
**ntuvars.tex -recorder
(./ntuvars.tex
LaTeX2e <2011/06/27>
Babel <3.9f> and hyphenation patterns for 78 languages loaded.
! Undefined control sequence.
l.11 \universityCH
                  {ÂúãÁ´ãËá∫ÁÅ£Â§ßÂ≠∏}
The control sequence at the end of the top line
of your error message was never \def'ed. If you have
misspelled it (e.g., `\hobx'), type `I' and the correct
spelling (e.g., `I\hbox'). Otherwise just continue,
and I'll forget about whatever was undefined.


! LaTeX Error: Missing \begin{document}.

See the LaTeX manual or LaTeX Companion for explanation.
Type  H <return>  for immediate help.
 ...                                              
                                                  
l.11 \universityCH{Â
                    úãÁ´ãËá∫ÁÅ£Â§ßÂ≠∏}
You're in trouble here.  Try typing  <return>  to proceed.
If that doesn't work, type  X <return>  to quit.

Missing character: There is no Â in font nullfont!
Missing character: There is no ú in font nullfont!
Missing character: There is no ã in font nullfont!
Missing character: There is no Á in font nullfont!
Missing character: There is no ´ in font nullfont!
Missing character: There is no ã in font nullfont!
Missing character: There is no Ë in font nullfont!
Missing character: There is no á in font nullfont!
Missing character: There is no ∫ in font nullfont!
Missing character: There is no Á in font nullfont!
Missing character: There is no Å in font nullfont!
Missing character: There is no £ in font nullfont!
Missing character: There is no Â in font nullfont!
Missing character: There is no § in font nullfont!
Missing character: There is no ß in font nullfont!
Missing character: There is no Â in font nullfont!
Missing character: There is no ≠ in font nullfont!
Missing character: There is no ∏ in font nullfont!
! Undefined control sequence.
l.12 \collageCH
               {ÈõªÊ©üË≥áË®äÂ≠∏Èô¢}
The control sequence at the end of the top line
of your error message was never \def'ed. If you have
misspelled it (e.g., `\hobx'), type `I' and the correct
spelling (e.g., `I\hbox'). Otherwise just continue,
and I'll forget about whatever was undefined.

Missing character: There is no È in font nullfont!
Missing character: There is no õ in font nullfont!
Missing character: There is no ª in font nullfont!
Missing character: There is no Ê in font nullfont!
Missing character: There is no © in font nullfont!
Missing character: There is no ü in font nullfont!
Missing character: There is no Ë in font nullfont!
Missing character: There is no ≥ in font nullfont!
Missing character: There is no á in font nullfont!
Missing character: There is no Ë in font nullfont!
Missing character: There is no ® in font nullfont!
Missing character: There is no ä in font nullfont!
Missing character: There is no Â in font nullfont!
Missing character: There is no ≠ in font nullfont!
Missing character: There is no ∏ in font nullfont!
Missing character: There is no È in font nullfont!
Missing character: There is no ô in font nullfont!
Missing character: There is no ¢ in font nullfont!
! Undefined control sequence.
l.13 \instituteCH
                 {Ë≥áË®äÂ∑•Á®ãÂ≠∏Á≥ª}
The control sequence at the end of the top line
of your error message was never \def'ed. If you have
misspelled it (e.g., `\hobx'), type `I' and the correct
spelling (e.g., `I\hbox'). Otherwise just continue,
and I'll forget about whatever was undefined.

Missing character: There is no Ë in font nullfont!
Missing character: There is no ≥ in font nullfont!
Missing character: There is no á in font nullfont!
Missing character: There is no Ë in font nullfont!
Missing character: There is no ® in font nullfont!
Missing character: There is no ä in font nullfont!
Missing character: There is no Â in font nullfont!
Missing character: There is no ∑ in font nullfont!
Missing character: There is no • in font nullfont!
Missing character: There is no Á in font nullfont!
Missing character: There is no ® in font nullfont!
Missing character: There is no ã in font nullfont!
Missing character: There is no Â in font nullfont!
Missing character: There is no ≠ in font nullfont!
Missing character: There is no ∏ in font nullfont!
Missing character: There is no Á in font nullfont!
Missing character: There is no ≥ in font nullfont!
Missing character: There is no ª in font nullfont!
! Undefined control sequence.
l.14 \thesisCH
              {Á¢©Â£´Ë´ñÊñá}
The control sequence at the end of the top line
of your error message was never \def'ed. If you have
misspelled it (e.g., `\hobx'), type `I' and the correct
spelling (e.g., `I\hbox'). Otherwise just continue,
and I'll forget about whatever was undefined.

Missing character: There is no Á in font nullfont!
Missing character: There is no ¢ in font nullfont!
Missing character: There is no © in font nullfont!
Missing character: There is no Â in font nullfont!
Missing character: There is no £ in font nullfont!
Missing character: There is no ´ in font nullfont!
Missing character: There is no Ë in font nullfont!
Missing character: There is no ´ in font nullfont!
Missing character: There is no ñ in font nullfont!
Missing character: There is no Ê in font nullfont!
Missing character: There is no ñ in font nullfont!
Missing character: There is no á in font nullfont!
! Undefined control sequence.
l.15 \instituteEN
                 {Department of Computer Science and Information Engineering}
The control sequence at the end of the top line
of your error message was never \def'ed. If you have
misspelled it (e.g., `\hobx'), type `I' and the correct
spelling (e.g., `I\hbox'). Otherwise just continue,
and I'll forget about whatever was undefined.

Missing character: There is no D in font nullfont!
Missing character: There is no e in font nullfont!
Missing character: There is no p in font nullfont!
Missing character: There is no a in font nullfont!
Missing character: There is no r in font nullfont!
Missing character: There is no t in font nullfont!
Missing character: There is no m in font nullfont!
Missing character: There is no e in font nullfont!
Missing character: There is no n in font nullfont!
Missing character: There is no t in font nullfont!
Missing character: There is no o in font nullfont!
Missing character: There is no f in font nullfont!
Missing character: There is no C in font nullfont!
Missing character: There is no o in font nullfont!
Missing character: There is no m in font nullfont!
Missing character: There is no p in font nullfont!
Missing character: There is no u in font nullfont!
Missing character: There is no t in font nullfont!
Missing character: There is no e in font nullfont!
Missing character: There is no r in font nullfont!
Missing character: There is no S in font nullfont!
Missing character: There is no c in font nullfont!
Missing character: There is no i in font nullfont!
Missing character: There is no e in font nullfont!
Missing character: There is no n in font nullfont!
Missing character: There is no c in font nullfont!
Missing character: There is no e in font nullfont!
Missing character: There is no a in font nullfont!
Missing character: There is no n in font nullfont!
Missing character: There is no d in font nullfont!
Missing character: There is no I in font nullfont!
Missing character: There is no n in font nullfont!
Missing character: There is no f in font nullfont!
Missing character: There is no o in font nullfont!
Missing character: There is no r in font nullfont!
Missing character: There is no m in font nullfont!
Missing character: There is no a in font nullfont!
Missing character: There is no t in font nullfont!
Missing character: There is no i in font nullfont!
Missing character: There is no o in font nullfont!
Missing character: There is no n in font nullfont!
Missing character: There is no E in font nullfont!
Missing character: There is no n in font nullfont!
Missing character: There is no g in font nullfont!
Missing character: There is no i in font nullfont!
Missing character: There is no n in font nullfont!
Missing character: There is no e in font nullfont!
Missing character: There is no e in font nullfont!
Missing character: There is no r in font nullfont!
Missing character: There is no i in font nullfont!
Missing character: There is no n in font nullfont!
Missing character: There is no g in font nullfont!
! Undefined control sequence.
l.16 \collageEN
               {College of Electrical Engineering and Computer Science}
The control sequence at the end of the top line
of your error message was never \def'ed. If you have
misspelled it (e.g., `\hobx'), type `I' and the correct
spelling (e.g., `I\hbox'). Otherwise just continue,
and I'll forget about whatever was undefined.

Missing character: There is no C in font nullfont!
Missing character: There is no o in font nullfont!
Missing character: There is no l in font nullfont!
Missing character: There is no l in font nullfont!
Missing character: There is no e in font nullfont!
Missing character: There is no g in font nullfont!
Missing character: There is no e in font nullfont!
Missing character: There is no o in font nullfont!
Missing character: There is no f in font nullfont!
Missing character: There is no E in font nullfont!
Missing character: There is no l in font nullfont!
Missing character: There is no e in font nullfont!
Missing character: There is no c in font nullfont!
Missing character: There is no t in font nullfont!
Missing character: There is no r in font nullfont!
Missing character: There is no i in font nullfont!
Missing character: There is no c in font nullfont!
Missing character: There is no a in font nullfont!
Missing character: There is no l in font nullfont!
Missing character: There is no E in font nullfont!
Missing character: There is no n in font nullfont!
Missing character: There is no g in font nullfont!
Missing character: There is no i in font nullfont!
Missing character: There is no n in font nullfont!
Missing character: There is no e in font nullfont!
Missing character: There is no e in font nullfont!
Missing character: There is no r in font nullfont!
Missing character: There is no i in font nullfont!
Missing character: There is no n in font nullfont!
Missing character: There is no g in font nullfont!
Missing character: There is no a in font nullfont!
Missing character: There is no n in font nullfont!
Missing character: There is no d in font nullfont!
Missing character: There is no C in font nullfont!
Missing character: There is no o in font nullfont!
Missing character: There is no m in font nullfont!
Missing character: There is no p in font nullfont!
Missing character: There is no u in font nullfont!
Missing character: There is no t in font nullfont!
Missing character: There is no e in font nullfont!
Missing character: There is no r in font nullfont!
Missing character: There is no S in font nullfont!
Missing character: There is no c in font nullfont!
Missing character: There is no i in font nullfont!
Missing character: There is no e in font nullfont!
Missing character: There is no n in font nullfont!
Missing character: There is no c in font nullfont!
Missing character: There is no e in font nullfont!
! Undefined control sequence.
l.17 \universityEN
                  {National Taiwan University}
The control sequence at the end of the top line
of your error message was never \def'ed. If you have
misspelled it (e.g., `\hobx'), type `I' and the correct
spelling (e.g., `I\hbox'). Otherwise just continue,
and I'll forget about whatever was undefined.

Missing character: There is no N in font nullfont!
Missing character: There is no a in font nullfont!
Missing character: There is no t in font nullfont!
Missing character: There is no i in font nullfont!
Missing character: There is no o in font nullfont!
Missing character: There is no n in font nullfont!
Missing character: There is no a in font nullfont!
Missing character: There is no l in font nullfont!
Missing character: There is no T in font nullfont!
Missing character: There is no a in font nullfont!
Missing character: There is no i in font nullfont!
Missing character: There is no w in font nullfont!
Missing character: There is no a in font nullfont!
Missing character: There is no n in font nullfont!
Missing character: There is no U in font nullfont!
Missing character: There is no n in font nullfont!
Missing character: There is no i in font nullfont!
Missing character: There is no v in font nullfont!
Missing character: There is no e in font nullfont!
Missing character: There is no r in font nullfont!
Missing character: There is no s in font nullfont!
Missing character: There is no i in font nullfont!
Missing character: There is no t in font nullfont!
Missing character: There is no y in font nullfont!
! Undefined control sequence.
l.18 \thesisEN
              {Master Thesis}
The control sequence at the end of the top line
of your error message was never \def'ed. If you have
misspelled it (e.g., `\hobx'), type `I' and the correct
spelling (e.g., `I\hbox'). Otherwise just continue,
and I'll forget about whatever was undefined.

Missing character: There is no M in font nullfont!
Missing character: There is no a in font nullfont!
Missing character: There is no s in font nullfont!
Missing character: There is no t in font nullfont!
Missing character: There is no e in font nullfont!
Missing character: There is no r in font nullfont!
Missing character: There is no T in font nullfont!
Missing character: There is no h in font nullfont!
Missing character: There is no e in font nullfont!
Missing character: There is no s in font nullfont!
Missing character: There is no i in font nullfont!
Missing character: There is no s in font nullfont!
! Undefined control sequence.
l.19 \advisortitleCH
                    {ÊåáÂ∞éÊïôÊéàÔºö}
The control sequence at the end of the top line
of your error message was never \def'ed. If you have
misspelled it (e.g., `\hobx'), type `I' and the correct
spelling (e.g., `I\hbox'). Otherwise just continue,
and I'll forget about whatever was undefined.

Missing character: There is no Ê in font nullfont!
Missing character: There is no å in font nullfont!
Missing character: There is no á in font nullfont!
Missing character: There is no Â in font nullfont!
Missing character: There is no ∞ in font nullfont!
Missing character: There is no é in font nullfont!
Missing character: There is no Ê in font nullfont!
Missing character: There is no ï in font nullfont!
Missing character: There is no ô in font nullfont!
Missing character: There is no Ê in font nullfont!
Missing character: There is no é in font nullfont!
Missing character: There is no à in font nullfont!
Missing character: There is no Ô in font nullfont!
Missing character: There is no º in font nullfont!
Missing character: There is no ö in font nullfont!
! Undefined control sequence.
l.20 \advisortitleEN
                    {Advisor:}
The control sequence at the end of the top line
of your error message was never \def'ed. If you have
misspelled it (e.g., `\hobx'), type `I' and the correct
spelling (e.g., `I\hbox'). Otherwise just continue,
and I'll forget about whatever was undefined.

Missing character: There is no A in font nullfont!
Missing character: There is no d in font nullfont!
Missing character: There is no v in font nullfont!
Missing character: There is no i in font nullfont!
Missing character: There is no s in font nullfont!
Missing character: There is no o in font nullfont!
Missing character: There is no r in font nullfont!
Missing character: There is no : in font nullfont!
! Undefined control sequence.
l.21 \datetitleCH
                 {‰∏≠ËèØÊ∞ëÂúã}
The control sequence at the end of the top line
of your error message was never \def'ed. If you have
misspelled it (e.g., `\hobx'), type `I' and the correct
spelling (e.g., `I\hbox'). Otherwise just continue,
and I'll forget about whatever was undefined.

Missing character: There is no ‰ in font nullfont!
Missing character: There is no ∏ in font nullfont!
Missing character: There is no ≠ in font nullfont!
Missing character: There is no Ë in font nullfont!
Missing character: There is no è in font nullfont!
Missing character: There is no Ø in font nullfont!
Missing character: There is no Ê in font nullfont!
Missing character: There is no ∞ in font nullfont!
Missing character: There is no ë in font nullfont!
Missing character: There is no Â in font nullfont!
Missing character: There is no ú in font nullfont!
Missing character: There is no ã in font nullfont!
! Undefined control sequence.
l.22 \yeartitleCH
                 {Âπ¥}
The control sequence at the end of the top line
of your error message was never \def'ed. If you have
misspelled it (e.g., `\hobx'), type `I' and the correct
spelling (e.g., `I\hbox'). Otherwise just continue,
and I'll forget about whatever was undefined.

Missing character: There is no Â in font nullfont!
Missing character: There is no π in font nullfont!
Missing character: There is no ¥ in font nullfont!
! Undefined control sequence.
l.23 \monthtitleCH
                  {Êúà}
The control sequence at the end of the top line
of your error message was never \def'ed. If you have
misspelled it (e.g., `\hobx'), type `I' and the correct
spelling (e.g., `I\hbox'). Otherwise just continue,
and I'll forget about whatever was undefined.

Missing character: There is no Ê in font nullfont!
Missing character: There is no ú in font nullfont!
Missing character: There is no à in font nullfont!
! Undefined control sequence.
l.24 \writtenCH
               {Êí∞}
The control sequence at the end of the top line
of your error message was never \def'ed. If you have
misspelled it (e.g., `\hobx'), type `I' and the correct
spelling (e.g., `I\hbox'). Otherwise just continue,
and I'll forget about whatever was undefined.

Missing character: There is no Ê in font nullfont!
Missing character: There is no í in font nullfont!
Missing character: There is no ∞ in font nullfont!
! Undefined control sequence.
l.25 \abstractnameEN
                    {Abstract}
The control sequence at the end of the top line
of your error message was never \def'ed. If you have
misspelled it (e.g., `\hobx'), type `I' and the correct
spelling (e.g., `I\hbox'). Otherwise just continue,
and I'll forget about whatever was undefined.

Missing character: There is no A in font nullfont!
Missing character: There is no b in font nullfont!
Missing character: There is no s in font nullfont!
Missing character: There is no t in font nullfont!
Missing character: There is no r in font nullfont!
Missing character: There is no a in font nullfont!
Missing character: There is no c in font nullfont!
Missing character: There is no t in font nullfont!
! Undefined control sequence.
l.26 \abstractnameCH
                    {‰∏≠ÊñáÊëòË¶Å}
The control sequence at the end of the top line
of your error message was never \def'ed. If you have
misspelled it (e.g., `\hobx'), type `I' and the correct
spelling (e.g., `I\hbox'). Otherwise just continue,
and I'll forget about whatever was undefined.

Missing character: There is no ‰ in font nullfont!
Missing character: There is no ∏ in font nullfont!
Missing character: There is no ≠ in font nullfont!
Missing character: There is no Ê in font nullfont!
Missing character: There is no ñ in font nullfont!
Missing character: There is no á in font nullfont!
Missing character: There is no Ê in font nullfont!
Missing character: There is no ë in font nullfont!
Missing character: There is no ò in font nullfont!
Missing character: There is no Ë in font nullfont!
Missing character: There is no ¶ in font nullfont!
Missing character: There is no Å in font nullfont!
! Undefined control sequence.
l.27 \acknowledgementsnameEN
                            {Acknowledgments}
The control sequence at the end of the top line
of your error message was never \def'ed. If you have
misspelled it (e.g., `\hobx'), type `I' and the correct
spelling (e.g., `I\hbox'). Otherwise just continue,
and I'll forget about whatever was undefined.

Missing character: There is no A in font nullfont!
Missing character: There is no c in font nullfont!
Missing character: There is no k in font nullfont!
Missing character: There is no n in font nullfont!
Missing character: There is no o in font nullfont!
Missing character: There is no w in font nullfont!
Missing character: There is no l in font nullfont!
Missing character: There is no e in font nullfont!
Missing character: There is no d in font nullfont!
Missing character: There is no g in font nullfont!
Missing character: There is no m in font nullfont!
Missing character: There is no e in font nullfont!
Missing character: There is no n in font nullfont!
Missing character: There is no t in font nullfont!
Missing character: There is no s in font nullfont!
! Undefined control sequence.
l.28 \acknowledgementsnameCH
                            {Ëá¥Ë¨ù}
The control sequence at the end of the top line
of your error message was never \def'ed. If you have
misspelled it (e.g., `\hobx'), type `I' and the correct
spelling (e.g., `I\hbox'). Otherwise just continue,
and I'll forget about whatever was undefined.

Missing character: There is no Ë in font nullfont!
Missing character: There is no á in font nullfont!
Missing character: There is no ¥ in font nullfont!
Missing character: There is no Ë in font nullfont!
Missing character: There is no ¨ in font nullfont!
Missing character: There is no ù in font nullfont!

Overfull \hbox (20.0pt too wide) in paragraph at lines 11--30
[]
 []

! Undefined control sequence.
l.32 \titleCH
             {ÈùûÁõ£Áù£Âºè‰ªÄÈ∫ºÁöÑÈÇÑÊ≤íÊÉ≥Â•Ω}
The control sequence at the end of the top line
of your error message was never \def'ed. If you have
misspelled it (e.g., `\hobx'), type `I' and the correct
spelling (e.g., `I\hbox'). Otherwise just continue,
and I'll forget about whatever was undefined.


! LaTeX Error: Missing \begin{document}.

See the LaTeX manual or LaTeX Companion for explanation.
Type  H <return>  for immediate help.
 ...                                              
                                                  
l.32 \titleCH{È
               ùûÁõ£Áù£Âºè‰ªÄÈ∫ºÁöÑÈÇÑÊ≤íÊÉ≥Â•Ω}
You're in trouble here.  Try typing  <return>  to proceed.
If that doesn't work, type  X <return>  to quit.

Missing character: There is no È in font nullfont!
Missing character: There is no ù in font nullfont!
Missing character: There is no û in font nullfont!
Missing character: There is no Á in font nullfont!
Missing character: There is no õ in font nullfont!
Missing character: There is no £ in font nullfont!
Missing character: There is no Á in font nullfont!
Missing character: There is no ù in font nullfont!
Missing character: There is no £ in font nullfont!
Missing character: There is no Â in font nullfont!
Missing character: There is no º in font nullfont!
Missing character: There is no è in font nullfont!
Missing character: There is no ‰ in font nullfont!
Missing character: There is no ª in font nullfont!
Missing character: There is no Ä in font nullfont!
Missing character: There is no È in font nullfont!
Missing character: There is no ∫ in font nullfont!
Missing character: There is no º in font nullfont!
Missing character: There is no Á in font nullfont!
Missing character: There is no ö in font nullfont!
Missing character: There is no Ñ in font nullfont!
Missing character: There is no È in font nullfont!
Missing character: There is no Ç in font nullfont!
Missing character: There is no Ñ in font nullfont!
Missing character: There is no Ê in font nullfont!
Missing character: There is no ≤ in font nullfont!
Missing character: There is no í in font nullfont!
Missing character: There is no Ê in font nullfont!
Missing character: There is no É in font nullfont!
Missing character: There is no ≥ in font nullfont!
Missing character: There is no Â in font nullfont!
Missing character: There is no • in font nullfont!
Missing character: There is no Ω in font nullfont!
! Undefined control sequence.
l.33 \titleEN
             {Unsupervised Clustering of Related Chinese Words}
The control sequence at the end of the top line
of your error message was never \def'ed. If you have
misspelled it (e.g., `\hobx'), type `I' and the correct
spelling (e.g., `I\hbox'). Otherwise just continue,
and I'll forget about whatever was undefined.

Missing character: There is no U in font nullfont!
Missing character: There is no n in font nullfont!
Missing character: There is no s in font nullfont!
Missing character: There is no u in font nullfont!
Missing character: There is no p in font nullfont!
Missing character: There is no e in font nullfont!
Missing character: There is no r in font nullfont!
Missing character: There is no v in font nullfont!
Missing character: There is no i in font nullfont!
Missing character: There is no s in font nullfont!
Missing character: There is no e in font nullfont!
Missing character: There is no d in font nullfont!
Missing character: There is no C in font nullfont!
Missing character: There is no l in font nullfont!
Missing character: There is no u in font nullfont!
Missing character: There is no s in font nullfont!
Missing character: There is no t in font nullfont!
Missing character: There is no e in font nullfont!
Missing character: There is no r in font nullfont!
Missing character: There is no i in font nullfont!
Missing character: There is no n in font nullfont!
Missing character: There is no g in font nullfont!
Missing character: There is no o in font nullfont!
Missing character: There is no f in font nullfont!
Missing character: There is no R in font nullfont!
Missing character: There is no e in font nullfont!
Missing character: There is no l in font nullfont!
Missing character: There is no a in font nullfont!
Missing character: There is no t in font nullfont!
Missing character: There is no e in font nullfont!
Missing character: There is no d in font nullfont!
Missing character: There is no C in font nullfont!
Missing character: There is no h in font nullfont!
Missing character: There is no i in font nullfont!
Missing character: There is no n in font nullfont!
Missing character: There is no e in font nullfont!
Missing character: There is no s in font nullfont!
Missing character: There is no e in font nullfont!
Missing character: There is no W in font nullfont!
Missing character: There is no o in font nullfont!
Missing character: There is no r in font nullfont!
Missing character: There is no d in font nullfont!
Missing character: There is no s in font nullfont!
! Undefined control sequence.
l.34 \authorCH
              {ÊùéÂòâÁé≤}
The control sequence at the end of the top line
of your error message was never \def'ed. If you have
misspelled it (e.g., `\hobx'), type `I' and the correct
spelling (e.g., `I\hbox'). Otherwise just continue,
and I'll forget about whatever was undefined.

Missing character: There is no Ê in font nullfont!
Missing character: There is no ù in font nullfont!
Missing character: There is no é in font nullfont!
Missing character: There is no Â in font nullfont!
Missing character: There is no ò in font nullfont!
Missing character: There is no â in font nullfont!
Missing character: There is no Á in font nullfont!
Missing character: There is no é in font nullfont!
Missing character: There is no ≤ in font nullfont!
! Undefined control sequence.
l.35 \studentID
               {R00922072}
The control sequence at the end of the top line
of your error message was never \def'ed. If you have
misspelled it (e.g., `\hobx'), type `I' and the correct
spelling (e.g., `I\hbox'). Otherwise just continue,
and I'll forget about whatever was undefined.

Missing character: There is no R in font nullfont!
Missing character: There is no 0 in font nullfont!
Missing character: There is no 0 in font nullfont!
Missing character: There is no 9 in font nullfont!
Missing character: There is no 2 in font nullfont!
Missing character: There is no 2 in font nullfont!
Missing character: There is no 0 in font nullfont!
Missing character: There is no 7 in font nullfont!
Missing character: There is no 2 in font nullfont!
! Undefined control sequence.
l.36 \authorEN
              {Chia-Ling Lee}
The control sequence at the end of the top line
of your error message was never \def'ed. If you have
misspelled it (e.g., `\hobx'), type `I' and the correct
spelling (e.g., `I\hbox'). Otherwise just continue,
and I'll forget about whatever was undefined.

Missing character: There is no C in font nullfont!
Missing character: There is no h in font nullfont!
Missing character: There is no i in font nullfont!
Missing character: There is no a in font nullfont!
Missing character: There is no - in font nullfont!
Missing character: There is no L in font nullfont!
Missing character: There is no i in font nullfont!
Missing character: There is no n in font nullfont!
Missing character: There is no g in font nullfont!
Missing character: There is no L in font nullfont!
Missing character: There is no e in font nullfont!
Missing character: There is no e in font nullfont!
! Undefined control sequence.
l.37 \advisorCH
               {Ë®±Ê∞∏Áúü ÂçöÂ£´}
The control sequence at the end of the top line
of your error message was never \def'ed. If you have
misspelled it (e.g., `\hobx'), type `I' and the correct
spelling (e.g., `I\hbox'). Otherwise just continue,
and I'll forget about whatever was undefined.

Missing character: There is no Ë in font nullfont!
Missing character: There is no ® in font nullfont!
Missing character: There is no ± in font nullfont!
Missing character: There is no Ê in font nullfont!
Missing character: There is no ∞ in font nullfont!
Missing character: There is no ∏ in font nullfont!
Missing character: There is no Á in font nullfont!
Missing character: There is no ú in font nullfont!
Missing character: There is no ü in font nullfont!
Missing character: There is no Â in font nullfont!
Missing character: There is no ç in font nullfont!
Missing character: There is no ö in font nullfont!
Missing character: There is no Â in font nullfont!
Missing character: There is no £ in font nullfont!
Missing character: There is no ´ in font nullfont!
! Undefined control sequence.
l.38 \advisorEN
               {Jane Yung-jen Hsu, Ph.D.}
The control sequence at the end of the top line
of your error message was never \def'ed. If you have
misspelled it (e.g., `\hobx'), type `I' and the correct
spelling (e.g., `I\hbox'). Otherwise just continue,
and I'll forget about whatever was undefined.

Missing character: There is no J in font nullfont!
Missing character: There is no a in font nullfont!
Missing character: There is no n in font nullfont!
Missing character: There is no e in font nullfont!
Missing character: There is no Y in font nullfont!
Missing character: There is no u in font nullfont!
Missing character: There is no n in font nullfont!
Missing character: There is no g in font nullfont!
Missing character: There is no - in font nullfont!
Missing character: There is no j in font nullfont!
Missing character: There is no e in font nullfont!
Missing character: There is no n in font nullfont!
Missing character: There is no H in font nullfont!
Missing character: There is no s in font nullfont!
Missing character: There is no u in font nullfont!
Missing character: There is no , in font nullfont!
Missing character: There is no P in font nullfont!
Missing character: There is no h in font nullfont!
Missing character: There is no . in font nullfont!
Missing character: There is no D in font nullfont!
Missing character: There is no . in font nullfont!
! Undefined control sequence.
l.39 \yearCH
            {103}
The control sequence at the end of the top line
of your error message was never \def'ed. If you have
misspelled it (e.g., `\hobx'), type `I' and the correct
spelling (e.g., `I\hbox'). Otherwise just continue,
and I'll forget about whatever was undefined.

Missing character: There is no 1 in font nullfont!
Missing character: There is no 0 in font nullfont!
Missing character: There is no 3 in font nullfont!
! Undefined control sequence.
l.40 \yearEN
            {2014}
The control sequence at the end of the top line
of your error message was never \def'ed. If you have
misspelled it (e.g., `\hobx'), type `I' and the correct
spelling (e.g., `I\hbox'). Otherwise just continue,
and I'll forget about whatever was undefined.

Missing character: There is no 2 in font nullfont!
Missing character: There is no 0 in font nullfont!
Missing character: There is no 1 in font nullfont!
Missing character: There is no 4 in font nullfont!
! Undefined control sequence.
l.41 \monthCH
             {6}
The control sequence at the end of the top line
of your error message was never \def'ed. If you have
misspelled it (e.g., `\hobx'), type `I' and the correct
spelling (e.g., `I\hbox'). Otherwise just continue,
and I'll forget about whatever was undefined.

Missing character: There is no 6 in font nullfont!
! Undefined control sequence.
l.42 \monthEN
             {June}
The control sequence at the end of the top line
of your error message was never \def'ed. If you have
misspelled it (e.g., `\hobx'), type `I' and the correct
spelling (e.g., `I\hbox'). Otherwise just continue,
and I'll forget about whatever was undefined.

Missing character: There is no J in font nullfont!
Missing character: There is no u in font nullfont!
Missing character: There is no n in font nullfont!
Missing character: There is no e in font nullfont!
! Undefined control sequence.
l.43 \dateCH
            {28}
The control sequence at the end of the top line
of your error message was never \def'ed. If you have
misspelled it (e.g., `\hobx'), type `I' and the correct
spelling (e.g., `I\hbox'). Otherwise just continue,
and I'll forget about whatever was undefined.

Missing character: There is no 2 in font nullfont!
Missing character: There is no 8 in font nullfont!
)
Missing character: There is no - in font nullfont!
Missing character: There is no r in font nullfont!
Missing character: There is no e in font nullfont!
Missing character: There is no c in font nullfont!
Missing character: There is no o in font nullfont!
Missing character: There is no r in font nullfont!
Missing character: There is no d in font nullfont!
Missing character: There is no e in font nullfont!
Missing character: There is no r in font nullfont!

! Emergency stop.
<*> ntuvars.tex -recorder
                         
*** (job aborted, no legal \end found)

 
Here is how much of TeX's memory you used:
 5 strings out of 493315
 126 string characters out of 6137904
 52158 words of memory out of 5000000
 3557 multiletter control sequences out of 15000+600000
 3640 words of font info for 14 fonts, out of 8000000 for 9000
 957 hyphenation exceptions out of 8191
 5i,0n,4p,102b,16s stack positions out of 5000i,500n,10000p,200000b,80000s
!  ==> Fatal error occurred, no output PDF file produced!
